2025-02-01 17:54:05.802 python3[28458:360232] +[IMKClient subclass]: chose IMKClient_Modern
2025-02-01 17:54:05.802 python3[28458:360232] +[IMKInputSession subclass]: chose IMKInputSession_Modern
--> Wireless mode selected.
--> Available MIDI Input Ports:
0: Scarlett 18i20 USB
1: WIDI Bud Pro
2: Axe-Fx III
--> Selecting MIDI Port 'WIDI Bud Pro' for 'fighter_twister' ..
    Success!
--> Selecting MIDI Port 'Axe-Fx III' for 'axefx' ..
    Success!
--> Selecting MIDI Port 'WIDI Bud Pro' for 'mc6_pro' ..
    Success!
--> All Devices Found!
--> Closing all ports...
--> Closing port: WIDI Bud Pro
    Closing 'in' port
    Closing 'out' port
    Port closed!
--> Closing port: Axe-Fx III
    Closing 'in' port
    Closing 'out' port
    Port closed!
--> Closing port: WIDI Bud Pro
    Closing 'in' port
    Closing 'out' port
    Port closed!
--> All cleaned up; Goodbye!
